#
# There is insufficient memory for the Java Runtime Environment to continue.
# Native memory allocation (mmap) failed to map 201326592 bytes for Failed to commit area from 0x0000000741000000 to 0x000000074d000000 of length 201326592.
# Possible reasons:
#   The system is out of physical RAM or swap space
#   The process is running with CompressedOops enabled, and the Java Heap may be blocking the growth of the native heap
# Possible solutions:
#   Reduce memory load on the system
#   Increase physical memory or swap space
#   Check if swap backing store is full
#   Decrease Java heap size (-Xmx/-Xms)
#   Decrease number of Java threads
#   Decrease Java thread stack sizes (-Xss)
#   Set larger code cache with -XX:ReservedCodeCacheSize=
# This output file may be truncated or incomplete.
#
#  Out of Memory Error (c:/BuildAgent/work/1eae4dac1d648407/src/hotspot/os/windows/os_windows.cpp:3296), pid=7108, tid=11780
#
# JRE version:  (11.0.6+8) (build )
# Java VM: OpenJDK 64-Bit Server VM (11.0.6+8-b765.40, mixed mode, sharing, tiered, compressed oops, g1 gc, windows-amd64)
# No core dump will be written. Minidumps are not enabled by default on client versions of Windows
#

---------------  S U M M A R Y ------------

Command Line: org.jetbrains.git4idea.http.GitAskPassApp Username for 'https://github.com': 

Host: Intel(R) Pentium(R) CPU G3250 @ 3.20GHz, 2 cores, 11G,  Windows 10 , 64 bit Build 19041 (10.0.19041.928)
Time: Wed May 12 11:50:31 2021 Hora oficial do Brasil elapsed time: 0 seconds (0d 0h 0m 0s)

---------------  T H R E A D  ---------------

Current thread (0x000001e76207b000):  JavaThread "Unknown thread" [_thread_in_vm, id=11780, stack(0x00000006c3500000,0x00000006c3600000)]

Stack: [0x00000006c3500000,0x00000006c3600000]
Native frames: (J=compiled Java code, j=interpreted, Vv=VM code, C=native code)
V  [jvm.dll+0x5ddf9a]
V  [jvm.dll+0x710ae5]
V  [jvm.dll+0x712005]
V  [jvm.dll+0x7126b3]
V  [jvm.dll+0x23e718]
V  [jvm.dll+0x5db444]
V  [jvm.dll+0x5d0675]
V  [jvm.dll+0x2faf1b]
V  [jvm.dll+0x2fae8a]
V  [jvm.dll+0x2fad62]
V  [jvm.dll+0x2ffc36]
V  [jvm.dll+0x3484e3]
V  [jvm.dll+0x348be6]
V  [jvm.dll+0x3485e3]
V  [jvm.dll+0x2d5938]
V  [jvm.dll+0x2d6ad7]
V  [jvm.dll+0x6ef8a7]
V  [jvm.dll+0x6f109c]
V  [jvm.dll+0x355b29]
V  [jvm.dll+0x6d4a7e]
V  [jvm.dll+0x3bf053]
V  [jvm.dll+0x3c15d1]
C  [jli.dll+0x5363]
C  [ucrtbase.dll+0x21bb2]
C  [KERNEL32.DLL+0x17034]
C  [ntdll.dll+0x52651]


---------------  P R O C E S S  ---------------

Threads class SMR info:
_java_thread_list=0x000001e75fc0d920, length=0, elements={
}

Java Threads: ( => current thread )

Other Threads:
  0x000001e762092000 GCTaskThread "GC Thread#0" [stack: 0x00000006c3700000,0x00000006c3800000] [id=13504]
  0x000001e761be6800 ConcurrentGCThread "G1 Main Marker" [stack: 0x00000006c3800000,0x00000006c3900000] [id=444]
  0x000001e761bed000 ConcurrentGCThread "G1 Conc#0" [stack: 0x00000006c3900000,0x00000006c3a00000] [id=20076]

[error occurred during error reporting (printing all threads), id 0xc0000005, EXCEPTION_ACCESS_VIOLATION (0xc0000005) at pc=0x00007ffcab4a6047]

VM state:not at safepoint (not fully initialized)

VM Mutex/Monitor currently owned by a thread:  ([mutex/lock_event])
[0x000001e7620796b0] Heap_lock - owner thread: 0x000001e76207b000

Heap address: 0x0000000741000000, size: 3056 MB, Compressed Oops mode: Non-zero based: 0x0000000741000000
Narrow klass base: 0x0000000000000000, Narrow klass shift: 0

GC Heap History (0 events):
No events

Deoptimization events (0 events):
No events

Classes redefined (0 events):
No events

Internal exceptions (0 events):
No events

Events (2 events):
Event: 0.040 Loaded shared library C:\Program Files (x86)\JetBrains\PhpStorm 2020.1.1\jbr\bin\zip.dll
Event: 0.041 Loaded shared library C:\Program Files (x86)\JetBrains\PhpStorm 2020.1.1\jbr\bin\jimage.dll


Dynamic libraries:
0x00007ff632480000 - 0x00007ff63248a000 	C:\Program Files (x86)\JetBrains\PhpStorm 2020.1.1\jbr\bin\java.exe
0x00007ffd048b0000 - 0x00007ffd04aa5000 	C:\WINDOWS\SYSTEM32\ntdll.dll
0x00007ffd02d00000 - 0x00007ffd02dbd000 	C:\WINDOWS\System32\KERNEL32.DLL
0x00007ffd02310000 - 0x00007ffd025d8000 	C:\WINDOWS\System32\KERNELBASE.dll
0x00007ffcff900000 - 0x00007ffcff990000 	C:\WINDOWS\SYSTEM32\apphelp.dll
0x00007ffcbc980000 - 0x00007ffcbce14000 	C:\WINDOWS\SYSTEM32\AcLayers.DLL
0x00007ffd02c50000 - 0x00007ffd02cee000 	C:\WINDOWS\System32\msvcrt.dll
0x00007ffd04590000 - 0x00007ffd04730000 	C:\WINDOWS\System32\USER32.dll
0x00007ffd02780000 - 0x00007ffd027a2000 	C:\WINDOWS\System32\win32u.dll
0x00007ffd03850000 - 0x00007ffd0387a000 	C:\WINDOWS\System32\GDI32.dll
0x00007ffd01ff0000 - 0x00007ffd020fb000 	C:\WINDOWS\System32\gdi32full.dll
0x00007ffd026e0000 - 0x00007ffd0277d000 	C:\WINDOWS\System32\msvcp_win.dll
0x00007ffd027b0000 - 0x00007ffd028b0000 	C:\WINDOWS\System32\ucrtbase.dll
0x00007ffd044d0000 - 0x00007ffd04525000 	C:\WINDOWS\System32\SHLWAPI.dll
0x00007ffd02920000 - 0x00007ffd029cc000 	C:\WINDOWS\System32\ADVAPI32.dll
0x00007ffd029d0000 - 0x00007ffd02a6b000 	C:\WINDOWS\System32\sechost.dll
0x00007ffd03be0000 - 0x00007ffd03d0b000 	C:\WINDOWS\System32\RPCRT4.dll
0x000001e75fb40000 - 0x000001e75fb43000 	C:\WINDOWS\SYSTEM32\sfc.dll
0x00007ffce5600000 - 0x00007ffce568e000 	C:\WINDOWS\SYSTEM32\WINSPOOL.DRV
0x00007ffce5690000 - 0x00007ffce56a2000 	C:\WINDOWS\SYSTEM32\sfc_os.DLL
0x00007ffce8cb0000 - 0x00007ffce8cc1000 	C:\WINDOWS\SYSTEM32\SortWindows61.dll
0x00007ffd02ad0000 - 0x00007ffd02b00000 	C:\WINDOWS\System32\IMM32.DLL
0x00007ffce7c20000 - 0x00007ffce7c39000 	C:\Program Files (x86)\JetBrains\PhpStorm 2020.1.1\jbr\bin\jli.dll
0x00007ffce5810000 - 0x00007ffce5827000 	C:\Program Files (x86)\JetBrains\PhpStorm 2020.1.1\jbr\bin\VCRUNTIME140.dll
0x00007ffcf6d80000 - 0x00007ffcf701a000 	C:\WINDOWS\WinSxS\amd64_microsoft.windows.common-controls_6595b64144ccf1df_6.0.19041.844_none_ca00b6081b84eb1d\COMCTL32.dll
0x00007ffcc5ae0000 - 0x00007ffcc5b7d000 	C:\Program Files (x86)\JetBrains\PhpStorm 2020.1.1\jbr\bin\msvcp140.dll
0x00007ffcab1c0000 - 0x00007ffcabc7d000 	C:\Program Files (x86)\JetBrains\PhpStorm 2020.1.1\jbr\bin\server\jvm.dll
0x00007ffd03510000 - 0x00007ffd03518000 	C:\WINDOWS\System32\PSAPI.DLL
0x00007ffcf3020000 - 0x00007ffcf3029000 	C:\WINDOWS\SYSTEM32\WSOCK32.dll
0x00007ffd03df0000 - 0x00007ffd03e5b000 	C:\WINDOWS\System32\WS2_32.dll
0x00007ffceda30000 - 0x00007ffceda57000 	C:\WINDOWS\SYSTEM32\WINMM.dll
0x00007ffcfc6d0000 - 0x00007ffcfc6da000 	C:\WINDOWS\SYSTEM32\VERSION.dll
0x00007ffd00910000 - 0x00007ffd00922000 	C:\WINDOWS\SYSTEM32\kernel.appcore.dll
0x00007ffce7c70000 - 0x00007ffce7c81000 	C:\Program Files (x86)\JetBrains\PhpStorm 2020.1.1\jbr\bin\verify.dll
0x00007ffced250000 - 0x00007ffced434000 	C:\WINDOWS\SYSTEM32\DBGHELP.DLL
0x00007ffced1d0000 - 0x00007ffced1fc000 	C:\WINDOWS\SYSTEM32\dbgcore.DLL
0x00007ffd02130000 - 0x00007ffd021b0000 	C:\WINDOWS\System32\bcryptPrimitives.dll
0x00007ffce7c40000 - 0x00007ffce7c69000 	C:\Program Files (x86)\JetBrains\PhpStorm 2020.1.1\jbr\bin\java.dll
0x00007ffce6370000 - 0x00007ffce6388000 	C:\Program Files (x86)\JetBrains\PhpStorm 2020.1.1\jbr\bin\zip.dll
0x00007ffcfda20000 - 0x00007ffcfda2b000 	C:\Program Files (x86)\JetBrains\PhpStorm 2020.1.1\jbr\bin\jimage.dll

dbghelp: loaded successfully - version: 4.0.5 - missing functions: none
symbol engine: initialized successfully - sym options: 0x614 - pdb path: .;C:\Program Files (x86)\JetBrains\PhpStorm 2020.1.1\jbr\bin;C:\WINDOWS\SYSTEM32;C:\WINDOWS\WinSxS\amd64_microsoft.windows.common-controls_6595b64144ccf1df_6.0.19041.844_none_ca00b6081b84eb1d;C:\Program Files (x86)\JetBrains\PhpStorm 2020.1.1\jbr\bin\server

VM Arguments:
java_command: org.jetbrains.git4idea.http.GitAskPassApp Username for 'https://github.com': 
java_class_path (initial): C:/Program Files (x86)/JetBrains/PhpStorm 2020.1.1/plugins/git4idea/lib/git4idea-rt.jar;C:/Program Files (x86)/JetBrains/PhpStorm 2020.1.1/lib/xmlrpc-2.0.1.jar;C:/Program Files (x86)/JetBrains/PhpStorm 2020.1.1/lib/commons-codec-1.14.jar;C:/Program Files (x86)/JetBrains/PhpStorm 2020.1.1/lib/util.jar
Launcher Type: SUN_STANDARD

[Global flags]
     intx CICompilerCount                          = 2                                         {product} {ergonomic}
     uint ConcGCThreads                            = 1                                         {product} {ergonomic}
     uint G1ConcRefinementThreads                  = 2                                         {product} {ergonomic}
   size_t G1HeapRegionSize                         = 1048576                                   {product} {ergonomic}
    uintx GCDrainStackTargetSize                   = 64                                        {product} {ergonomic}
   size_t InitialHeapSize                          = 201326592                                 {product} {ergonomic}
   size_t MarkStackSize                            = 4194304                                   {product} {ergonomic}
   size_t MaxHeapSize                              = 3204448256                                {product} {ergonomic}
   size_t MinHeapDeltaBytes                        = 1048576                                   {product} {ergonomic}
    uintx NonNMethodCodeHeapSize                   = 5825164                                {pd product} {ergonomic}
    uintx NonProfiledCodeHeapSize                  = 122916538                              {pd product} {ergonomic}
    uintx ProfiledCodeHeapSize                     = 122916538                              {pd product} {ergonomic}
    uintx ReservedCodeCacheSize                    = 251658240                              {pd product} {ergonomic}
     bool SegmentedCodeCache                       = true                                      {product} {ergonomic}
     bool UseCompressedClassPointers               = true                                 {lp64_product} {ergonomic}
     bool UseCompressedOops                        = true                                 {lp64_product} {ergonomic}
     bool UseG1GC                                  = true                                      {product} {ergonomic}
     bool UseLargePagesIndividualAllocation        = false                                  {pd product} {ergonomic}

Logging:
Log output configuration:
 #0: stdout all=warning uptime,level,tags
 #1: stderr all=off uptime,level,tags

Environment Variables:
JAVA_HOME=C:\Program Files\Android\Android Studio\jre
PATH=C:\Program Files\Git\mingw64\libexec\git-core;C:\Program Files\Git\mingw64\libexec\git-core;C:\Program Files\Git\mingw64\bin;C:\Program Files\Git\usr\bin;C:\Users\gilberto\bin;C:\Program Files (x86)\Common Files\Oracle\Java\javapath;C:\Program Files\Broadcom\Broadcom 802.11 Network Adapter\Driver;C:\WINDOWS\system32;C:\WINDOWS;C:\WINDOWS\System32\Wbem;C:\WINDOWS\System32\WindowsPowerShell\v1.0;C:\Program Files\Git\cmd;C:\laragon\bin\php\php-7.2.19-Win32-VC15-x64;C:\composer;C:\WINDOWS\System32\OpenSSH;C:\Program Files (x86)\NVIDIA Corporation\PhysX\Common;C:\Program Files\Dart\dart-sdk\bin;C:\flutter\.pub-cache\bin;C:\Program Files\PuTTY;C:\Program Files\nodejs;%SystemRoot%\system32;%SystemRoot%;%SystemRoot%\System32\Wbem;%SYSTEMROOT%\System32\WindowsPowerShell\v1.0;%SYSTEMROOT%\System32\OpenSSH;C:\laragon\bin;C:\laragon\bin\apache\httpd-2.4.35-win64-VC15\bin;C:\laragon\bin\composer;C:\laragon\bin\git\bin;C:\laragon\bin\git\cmd;C:\laragon\bin\git\mingw64\bin;C:\laragon\bin\git\usr\bin;C:\laragon\bin\laragon\utils;C:\laragon\bin\mysql\mysql-5.7.30-winx64\bin;C:\laragon\bin\nginx\nginx-1.16.0;C:\laragon\bin\ngrok;C:\laragon\bin\nodejs\node-v12;C:\laragon\bin\notepad++;C:\laragon\bin\php\php-7.4.19-Win32-VC15-x64;C:\laragon\bin\putty;C:\laragon\bin\redis\redis-x64-3.2.100;C:\laragon\bin\telnet;C:\laragon\usr\bin;C:\Users\gilberto\AppData\Local\Yarn\config\global\node_modules\.bin;C:\Users\gilberto\AppData\Roaming\Composer\vendor\bin;C:\Users\gilberto\AppData\Local\Programs\Python\Python37-32\Scripts;C:\Users\gilberto\AppData\Local\Programs\Python\Python37-32;C:\flutter\bin;C:\Users\gilberto\AppData\Local\Android\Sdk\platform-tools;C:\Users\gilberto\AppData\Local\Microsoft\WindowsApps;C:\Users\gilberto\AppData\Local\Programs\Python\Python37-32;C:\flutter\.pub-cache\bin;C:\Program Files\Java\jre1.8.0_241\bin;C:\Users\gilberto\AppData\Local\Programs\Microsoft VS Code\bin;C:\Users\gilberto\AppData\Roaming\npm;%USERPROFILE%\AppData\Local\Microsoft\WindowsApps
USERNAME=gilberto
DISPLAY=:0.0
OS=Windows_NT
PROCESSOR_IDENTIFIER=Intel64 Family 6 Model 60 Stepping 3, GenuineIntel



---------------  S Y S T E M  ---------------

OS: Windows 10 , 64 bit Build 19041 (10.0.19041.928)

CPU:total 2 (initial active 2) (2 cores per cpu, 1 threads per core) family 6 model 60 stepping 3, cmov, cx8, fxsr, mmx, sse, sse2, sse3, ssse3, sse4.1, sse4.2, popcnt, clmul, erms, lzcnt, tsc, tscinvbit

Memory: 4k page, system-wide physical 12223M (2980M free)
TotalPageFile size 31498M (AvailPageFile size 48M)
current process WorkingSet (physical memory assigned to process): 14M, peak: 14M
current process commit charge ("private bytes"): 54M, peak: 244M

vm_info: OpenJDK 64-Bit Server VM (11.0.6+8-b765.40) for windows-amd64 JRE (11.0.6+8-b765.40), built on Apr 20 2020 14:37:21 by "" with MS VC++ 14.0 (VS2015)

END.
